<?xml version="1.0" encoding="UTF-8"?>
<!-- Generated by org.testng.reporters.JUnitReportReporter -->
<testsuite hostname="Js-DESKTOP" failures="0" tests="1" name="testngPackage.TestExample" time="0.008" errors="0" timestamp="2023-01-28T13:47:07 PST" skipped="0">
  <testcase classname="testngPackage.TestExample" name="f" time="0.008"/>
  <system-out/>
</testsuite> <!-- testngPackage.TestExample -->
