<?xml version="1.0" encoding="UTF-8"?>
<!-- Generated by org.testng.reporters.JUnitReportReporter -->
<testsuite hostname="Js-DESKTOP" failures="0" tests="3" name="testngPackage.DataProviderClass" time="19.808" errors="0" timestamp="2023-01-30T14:56:54 PST" skipped="0">
  <testcase classname="testngPackage.DataProviderClass" name="checking" time="5.798"/>
  <system-out/>
  <testcase classname="testngPackage.DataProviderClass" name="checking" time="5.270"/>
  <system-out/>
  <testcase classname="testngPackage.DataProviderClass" name="checking" time="8.740"/>
  <system-out/>
</testsuite> <!-- testngPackage.DataProviderClass -->
