<?xml version="1.0" encoding="UTF-8"?>
<!-- Generated by org.testng.reporters.JUnitReportReporter -->
<testsuite hostname="Js-DESKTOP" failures="0" tests="3" name="testngPackage.OpenWebsites" time="58.082" errors="0" timestamp="2023-01-28T16:04:21 PST" skipped="0">
  <testcase classname="testngPackage.OpenWebsites" name="openingAmazonSite" time="12.054"/>
  <system-out/>
  <testcase classname="testngPackage.OpenWebsites" name="openingYahooSite" time="37.905"/>
  <system-out/>
  <testcase classname="testngPackage.OpenWebsites" name="openingCnbcSite" time="8.123"/>
  <system-out/>
</testsuite> <!-- testngPackage.OpenWebsites -->
