<?xml version="1.0" encoding="UTF-8"?>
<!-- Generated by org.testng.reporters.JUnitReportReporter -->
<testsuite hostname="Js-DESKTOP" failures="0" tests="3" name="testngPackage.DependencyClass" time="60.968" errors="0" timestamp="2023-01-28T16:28:00 PST" skipped="0">
  <testcase classname="testngPackage.DependencyClass" name="openingYahooSite" time="36.779"/>
  <system-out/>
  <testcase classname="testngPackage.DependencyClass" name="openingCNBCSite" time="9.382"/>
  <system-out/>
  <testcase classname="testngPackage.DependencyClass" name="openingAmazonSite" time="14.807"/>
  <system-out/>
</testsuite> <!-- testngPackage.DependencyClass -->
