<?xml version="1.0" encoding="UTF-8"?>
<!-- Generated by org.testng.reporters.JUnitReportReporter -->
<testsuite hostname="Js-DESKTOP" failures="0" tests="1" name="testngPackage.BeforeAfterClass" time="12.224" errors="0" timestamp="2023-01-30T14:50:18 PST" skipped="0">
  <testcase classname="testngPackage.BeforeAfterClass" name="performLogin" time="12.224"/>
  <system-out/>
</testsuite> <!-- testngPackage.BeforeAfterClass -->
