<?xml version="1.0" encoding="UTF-8"?>
<!-- Generated by org.testng.reporters.JUnitReportReporter -->
<testsuite hostname="Js-DESKTOP" failures="0" tests="3" name="testngPackage.PriorityTest" time="59.289" errors="0" timestamp="2023-01-28T16:16:31 PST" skipped="0">
  <testcase classname="testngPackage.PriorityTest" name="openingCNNBCSite" time="8.092"/>
  <system-out/>
  <testcase classname="testngPackage.PriorityTest" name="openingAmazonSite" time="14.408"/>
  <system-out/>
  <testcase classname="testngPackage.PriorityTest" name="openingYahooSite" time="36.789"/>
  <system-out/>
</testsuite> <!-- testngPackage.PriorityTest -->
