<?xml version="1.0" encoding="UTF-8"?>
<!-- Generated by org.testng.reporters.JUnitReportReporter -->
<testsuite hostname="Js-DESKTOP" failures="0" tests="1" name="testngPackage.AssertTitle" time="5.503" errors="0" timestamp="2023-01-30T15:02:14 PST" skipped="0">
  <testcase classname="testngPackage.AssertTitle" name="checkGoogleSite" time="5.503"/>
  <system-out/>
</testsuite> <!-- testngPackage.AssertTitle -->
