<?xml version="1.0" encoding="UTF-8"?>
<!-- Generated by org.testng.reporters.JUnitReportReporter -->
<testsuite hostname="Js-DESKTOP" failures="0" tests="2" name="testngPackage.AssertAfterLogin" time="8.418" errors="0" timestamp="2023-02-04T13:24:55 PST" skipped="0">
  <testcase classname="testngPackage.AssertAfterLogin" name="assertHomePage" time="2.062"/>
  <system-out/>
  <testcase classname="testngPackage.AssertAfterLogin" name="performLogin" time="6.356"/>
  <system-out/>
</testsuite> <!-- testngPackage.AssertAfterLogin -->
